Arguments: 
  /Users/vladimir/.nvm/versions/node/v9.3.0/bin/node /Users/vladimir/.yarn/bin/yarn.js start

PATH: 
  /Library/Frameworks/Python.framework/Versions/3.6/bin:/Library/Frameworks/Python.framework/Versions/2.7/bin:/Users/vladimir/Documents/go/bin:/Users/vladimir/.yarn/bin:/Users/vladimir/.config/yarn/global/node_modules/.bin:/Users/vladimir/anaconda3/bin:/Users/vladimir/.nvm/versions/node/v9.3.0/bin:/opt/local/bin:/opt/local/sbin:/Library/Frameworks/Python.framework/Versions/3.4/bin:/usr/local/bin:/usr/bin:/bin:/usr/sbin:/sbin:/usr/local/go/bin:/Library/Frameworks/Mono.framework/Versions/Current/Commands:/Applications/MAMP/Library/bin

Yarn version: 
  1.5.1

Node version: 
  9.3.0

Platform: 
  darwin x64

npm manifest: 
  {
    "name": "worker",
    "version": "1.0.0",
    "description": "",
    "main": "index.js",
    "scripts": {
      "start": "node index.js",
      "dev": "nodemon index.js"
    },
    "keywords": [],
    "author": "",
    "license": "ISC",
    "dependencies": {
      "redis": "^2.8.0"
    }
  }

yarn manifest: 
  No manifest

Lockfile: 
  # THIS IS AN AUTOGENERATED FILE. DO NOT EDIT THIS FILE DIRECTLY.
  # yarn lockfile v1
  
  
  double-ended-queue@^2.1.0-0:
    version "2.1.0-0"
    resolved "https://registry.yarnpkg.com/double-ended-queue/-/double-ended-queue-2.1.0-0.tgz#103d3527fd31528f40188130c841efdd78264e5c"
  
  redis-commands@^1.2.0:
    version "1.3.5"
    resolved "https://registry.yarnpkg.com/redis-commands/-/redis-commands-1.3.5.tgz#4495889414f1e886261180b1442e7295602d83a2"
  
  redis-parser@^2.6.0:
    version "2.6.0"
    resolved "https://registry.yarnpkg.com/redis-parser/-/redis-parser-2.6.0.tgz#52ed09dacac108f1a631c07e9b69941e7a19504b"
  
  redis@^2.8.0:
    version "2.8.0"
    resolved "https://registry.yarnpkg.com/redis/-/redis-2.8.0.tgz#202288e3f58c49f6079d97af7a10e1303ae14b02"
    dependencies:
      double-ended-queue "^2.1.0-0"
      redis-commands "^1.2.0"
      redis-parser "^2.6.0"

Trace: 
  Error: Command failed.
  Exit code: 1
  Command: sh
  Arguments: -c node index.js
  Directory: /Users/vladimir/Desktop/WebDev/DevOps/complex/worker
  Output:
  
      at ProcessTermError.MessageError (/Users/vladimir/.yarn/lib/cli.js:186:110)
      at new ProcessTermError (/Users/vladimir/.yarn/lib/cli.js:226:113)
      at ChildProcess.<anonymous> (/Users/vladimir/.yarn/lib/cli.js:30281:17)
      at ChildProcess.emit (events.js:159:13)
      at maybeClose (internal/child_process.js:943:16)
      at Process.ChildProcess._handle.onexit (internal/child_process.js:220:5)
